Release 9.1i Map J.30
Xilinx Mapping Report File for Design 'cpuall'

Design Information
------------------
Command Line   : C:\Xilinx91i\bin\nt\map.exe -ise C:/lab7/lab7.ise -intstyle ise
-p xc3s500e-pq208-4 -cm area -pr b -k 4 -c 100 -o cpuall_map.ncd cpuall.ngd
cpuall.pcf 
Target Device  : xc3s500e
Target Package : pq208
Target Speed   : -4
Mapper Version : spartan3e -- $Revision: 1.36 $
Mapped Date    : Tue Dec 03 14:13:55 2013

Design Summary
--------------
Number of errors:      0
Number of warnings:   15
Logic Utilization:
  Total Number Slice Registers:       185 out of   9,312    1%
    Number used as Flip Flops:                    45
    Number used as Latches:                      140
  Number of 4 input LUTs:             532 out of   9,312    5%
Logic Distribution:
  Number of occupied Slices:                          336 out of   4,656    7%
    Number of Slices containing only related logic:     336 out of     336  100%
    Number of Slices containing unrelated logic:          0 out of     336    0%
      *See NOTES below for an explanation of the effects of unrelated logic
Total Number of 4 input LUTs:            570 out of   9,312    6%
  Number used as logic:                532
  Number used as a route-thru:          38
  Number of bonded IOBs:               99 out of     158   62%
    IOB Latches:                       27
  Number of GCLKs:                     3 out of      24   12%

Total equivalent gate count for design:  5,296
Additional JTAG gate count for IOBs:  4,752
Peak Memory Usage:  166 MB
Total REAL time to MAP completion:  2 secs 
Total CPU time to MAP completion:   2 secs 

NOTES:

   Related logic is defined as being logic that shares connectivity - e.g. two
   LUTs are "related" if they share common inputs.  When assembling slices,
   Map gives priority to combine logic that is related.  Doing so results in
   the best timing performance.

   Unrelated logic shares no connectivity.  Map will only begin packing
   unrelated logic into a slice once 99% of the slices are occupied through
   related logic packing.

   Note that once logic distribution reaches the 99% level through related
   logic packing, this does not mean the device is completely utilized.
   Unrelated logic packing will then begin, continuing until all usable LUTs
   and FFs are occupied.  Depending on your timing budget, increased levels of
   unrelated logic packing may adversely affect the overall timing performance
   of your design.

Table of Contents
-----------------
Section 1 - Errors
Section 2 - Warnings
Section 3 - Informational
Section 4 - Removed Logic Summary
Section 5 - Removed Logic
Section 6 - IOB Properties
Section 7 - RPMs
Section 8 - Guide Report
Section 9 - Area Group and Partition Summary
Section 10 - Modular Design Summary
Section 11 - Timing Report
Section 12 - Configuration String Information

Section 1 - Errors
------------------

Section 2 - Warnings
--------------------
WARNING:PhysDesignRules:372 - Gated clock. Clock net c1 is sourced by a
   combinatorial pin. This is not good design practice. Use the CE pin to
   control the loading of data into the flip-flop.
WARNING:PhysDesignRules:372 - Gated clock. Clock net c3 is sourced by a
   combinatorial pin. This is not good design practice. Use the CE pin to
   control the loading of data into the flip-flop.
WARNING:PhysDesignRules:372 - Gated clock. Clock net U4/Reg_C_not0001 is sourced
   by a combinatorial pin. This is not good design practice. Use the CE pin to
   control the loading of data into the flip-flop.
WARNING:PhysDesignRules:372 - Gated clock. Clock net U3/RD_O_not0001 is sourced
   by a combinatorial pin. This is not good design practice. Use the CE pin to
   control the loading of data into the flip-flop.
WARNING:PhysDesignRules:372 - Gated clock. Clock net ir_r is sourced by a
   combinatorial pin. This is not good design practice. Use the CE pin to
   control the loading of data into the flip-flop.
WARNING:PhysDesignRules:372 - Gated clock. Clock net U1/PC_T_0_0_not0000 is
   sourced by a combinatorial pin. This is not good design practice. Use the CE
   pin to control the loading of data into the flip-flop.
WARNING:PhysDesignRules:372 - Gated clock. Clock net U2/R_0_not0001 is sourced
   by a combinatorial pin. This is not good design practice. Use the CE pin to
   control the loading of data into the flip-flop.
WARNING:PhysDesignRules:372 - Gated clock. Clock net U2/R_3_cmp_eq0000 is
   sourced by a combinatorial pin. This is not good design practice. Use the CE
   pin to control the loading of data into the flip-flop.
WARNING:PhysDesignRules:372 - Gated clock. Clock net U2/R_1_cmp_eq0000 is
   sourced by a combinatorial pin. This is not good design practice. Use the CE
   pin to control the loading of data into the flip-flop.
WARNING:PhysDesignRules:372 - Gated clock. Clock net U2/R_4_cmp_eq0000 is
   sourced by a combinatorial pin. This is not good design practice. Use the CE
   pin to control the loading of data into the flip-flop.
WARNING:PhysDesignRules:372 - Gated clock. Clock net U2/R_2_cmp_eq0000 is
   sourced by a combinatorial pin. This is not good design practice. Use the CE
   pin to control the loading of data into the flip-flop.
WARNING:PhysDesignRules:372 - Gated clock. Clock net U2/R_5_cmp_eq0000 is
   sourced by a combinatorial pin. This is not good design practice. Use the CE
   pin to control the loading of data into the flip-flop.
WARNING:PhysDesignRules:372 - Gated clock. Clock net U2/R_7_cmp_eq0000 is
   sourced by a combinatorial pin. This is not good design practice. Use the CE
   pin to control the loading of data into the flip-flop.
WARNING:PhysDesignRules:372 - Gated clock. Clock net U2/R_6_cmp_eq0000 is
   sourced by a combinatorial pin. This is not good design practice. Use the CE
   pin to control the loading of data into the flip-flop.
WARNING:PhysDesignRules:372 - Gated clock. Clock net U4/PC_C_not0001 is sourced
   by a combinatorial pin. This is not good design practice. Use the CE pin to
   control the loading of data into the flip-flop.

Section 3 - Informational
-------------------------
INFO:MapLib:562 - No environment variables are currently set.
INFO:MapLib:863 - The following Virtex BUFG(s) is/are being retargeted to
   Virtex2 BUFGMUX(s) with input tied to I0 and Select pin tied to constant 0:
   BUFG symbol "U0/t_FFd1_BUFG" (output signal=U0/t_FFd1),
   BUFG symbol "c2_BUFG" (output signal=c2),
   BUFGP symbol "clk_BUFGP" (output signal=clk_BUFGP)
INFO:LIT:244 - All of the single ended outputs in this design are using slew
   rate limited output drivers. The delay on speed critical single ended outputs
   can be dramatically reduced by designating them as fast outputs in the
   schematic.

Section 4 - Removed Logic Summary
---------------------------------
   2 block(s) optimized away

Section 5 - Removed Logic
-------------------------

Optimized Block(s):
TYPE 		BLOCK
GND 		XST_GND
VCC 		XST_VCC

To enable printing of redundant blocks removed and signals merged, set the
detailed map report option and rerun map.

Section 6 - IOB Properties
--------------------------

+-----------------------------------------------------------------------------------------------------------------------------------------+
| IOB Name                           | IOB Type         | Direction | IO Standard | Drive    | Slew | Reg (s)      | Resistor | IBUF/IFD  |
|                                    |                  |           |             | Strength | Rate |              |          | Delay     |
+-----------------------------------------------------------------------------------------------------------------------------------------+
| Abus<0>                            | IOB              | OUTPUT    | LVCMOS25    | 12       | SLOW |              |          | 0 / 0     |
| Abus<1>                            | IOB              | OUTPUT    | LVCMOS25    | 12       | SLOW |              |          | 0 / 0     |
| Abus<2>                            | IOB              | OUTPUT    | LVCMOS25    | 12       | SLOW |              |          | 0 / 0     |
| Abus<3>                            | IOB              | OUTPUT    | LVCMOS25    | 12       | SLOW |              |          | 0 / 0     |
| Abus<4>                            | IOB              | OUTPUT    | LVCMOS25    | 12       | SLOW |              |          | 0 / 0     |
| Abus<5>                            | IOB              | OUTPUT    | LVCMOS25    | 12       | SLOW |              |          | 0 / 0     |
| Abus<6>                            | IOB              | OUTPUT    | LVCMOS25    | 12       | SLOW |              |          | 0 / 0     |
| Abus<7>                            | IOB              | OUTPUT    | LVCMOS25    | 12       | SLOW |              |          | 0 / 0     |
| Abus<8>                            | IOB              | OUTPUT    | LVCMOS25    | 12       | SLOW |              |          | 0 / 0     |
| Abus<9>                            | IOB              | OUTPUT    | LVCMOS25    | 12       | SLOW |              |          | 0 / 0     |
| Abus<10>                           | IOB              | OUTPUT    | LVCMOS25    | 12       | SLOW |              |          | 0 / 0     |
| Abus<11>                           | IOB              | OUTPUT    | LVCMOS25    | 12       | SLOW |              |          | 0 / 0     |
| Abus<12>                           | IOB              | OUTPUT    | LVCMOS25    | 12       | SLOW |              |          | 0 / 0     |
| Abus<13>                           | IOB              | OUTPUT    | LVCMOS25    | 12       | SLOW |              |          | 0 / 0     |
| Abus<14>                           | IOB              | OUTPUT    | LVCMOS25    | 12       | SLOW |              |          | 0 / 0     |
| Abus<15>                           | IOB              | OUTPUT    | LVCMOS25    | 12       | SLOW |              |          | 0 / 0     |
| CL<0>                              | IOB              | OUTPUT    | LVCMOS25    | 12       | SLOW |              |          | 0 / 0     |
| CL<1>                              | IOB              | OUTPUT    | LVCMOS25    | 12       | SLOW |              |          | 0 / 0     |
| CL<2>                              | IOB              | OUTPUT    | LVCMOS25    | 12       | SLOW |              |          | 0 / 0     |
| CL<3>                              | IOB              | OUTPUT    | LVCMOS25    | 12       | SLOW |              |          | 0 / 0     |
| Ct<0>                              | IOB              | OUTPUT    | LVCMOS25    | 12       | SLOW |              |          | 0 / 0     |
| Ct<1>                              | IOB              | OUTPUT    | LVCMOS25    | 12       | SLOW |              |          | 0 / 0     |
| Ct<2>                              | IOB              | OUTPUT    | LVCMOS25    | 12       | SLOW | OFF1         |          | 0 / 0     |
| Ct<3>                              | IOB              | OUTPUT    | LVCMOS25    | 12       | SLOW | OFF1         |          | 0 / 0     |
| Ct<4>                              | IOB              | OUTPUT    | LVCMOS25    | 12       | SLOW | OFF1         |          | 0 / 0     |
| Ct<5>                              | IOB              | OUTPUT    | LVCMOS25    | 12       | SLOW |              |          | 0 / 0     |
| Ct<6>                              | IOB              | OUTPUT    | LVCMOS25    | 12       | SLOW |              |          | 0 / 0     |
| Ct<7>                              | IOB              | OUTPUT    | LVCMOS25    | 12       | SLOW |              |          | 0 / 0     |
| Dbus<0>                            | IOB              | BIDIR     | LVCMOS25    | 12       | SLOW | OFF1         |          | 0 / 0     |
| Dbus<1>                            | IOB              | BIDIR     | LVCMOS25    | 12       | SLOW | OFF1         |          | 0 / 0     |
| Dbus<2>                            | IOB              | BIDIR     | LVCMOS25    | 12       | SLOW | OFF1         |          | 0 / 0     |
| Dbus<3>                            | IOB              | BIDIR     | LVCMOS25    | 12       | SLOW | OFF1         |          | 0 / 0     |
| Dbus<4>                            | IOB              | BIDIR     | LVCMOS25    | 12       | SLOW | OFF1         |          | 0 / 0     |
| Dbus<5>                            | IOB              | BIDIR     | LVCMOS25    | 12       | SLOW | OFF1         |          | 0 / 0     |
| Dbus<6>                            | IOB              | BIDIR     | LVCMOS25    | 12       | SLOW | OFF1         |          | 0 / 0     |
| Dbus<7>                            | IOB              | BIDIR     | LVCMOS25    | 12       | SLOW | OFF1         |          | 0 / 0     |
| Dbus<8>                            | IOB              | BIDIR     | LVCMOS25    | 12       | SLOW |              |          | 0 / 0     |
| Dbus<9>                            | IOB              | BIDIR     | LVCMOS25    | 12       | SLOW |              |          | 0 / 0     |
| Dbus<10>                           | IOB              | BIDIR     | LVCMOS25    | 12       | SLOW |              |          | 0 / 0     |
| Dbus<11>                           | IOB              | BIDIR     | LVCMOS25    | 12       | SLOW |              |          | 0 / 0     |
| Dbus<12>                           | IOB              | BIDIR     | LVCMOS25    | 12       | SLOW |              |          | 0 / 0     |
| Dbus<13>                           | IOB              | BIDIR     | LVCMOS25    | 12       | SLOW |              |          | 0 / 0     |
| Dbus<14>                           | IOB              | BIDIR     | LVCMOS25    | 12       | SLOW |              |          | 0 / 0     |
| Dbus<15>                           | IOB              | BIDIR     | LVCMOS25    | 12       | SLOW |              |          | 0 / 0     |
| Sa<0>                              | IOB              | OUTPUT    | LVCMOS25    | 12       | SLOW |              |          | 0 / 0     |
| Sa<1>                              | IOB              | OUTPUT    | LVCMOS25    | 12       | SLOW |              |          | 0 / 0     |
| Sa<2>                              | IOB              | OUTPUT    | LVCMOS25    | 12       | SLOW |              |          | 0 / 0     |
| Sa<3>                              | IOB              | OUTPUT    | LVCMOS25    | 12       | SLOW |              |          | 0 / 0     |
| Sa<4>                              | IOB              | OUTPUT    | LVCMOS25    | 12       | SLOW |              |          | 0 / 0     |
| Sa<5>                              | IOB              | OUTPUT    | LVCMOS25    | 12       | SLOW |              |          | 0 / 0     |
| Sa<6>                              | IOB              | OUTPUT    | LVCMOS25    | 12       | SLOW |              |          | 0 / 0     |
| Sa<7>                              | IOB              | OUTPUT    | LVCMOS25    | 12       | SLOW |              |          | 0 / 0     |
| Sa<8>                              | IOB              | OUTPUT    | LVCMOS25    | 12       | SLOW |              |          | 0 / 0     |
| Sa<9>                              | IOB              | OUTPUT    | LVCMOS25    | 12       | SLOW |              |          | 0 / 0     |
| Sa<10>                             | IOB              | OUTPUT    | LVCMOS25    | 12       | SLOW |              |          | 0 / 0     |
| Sa<11>                             | IOB              | OUTPUT    | LVCMOS25    | 12       | SLOW |              |          | 0 / 0     |
| Sa<12>                             | IOB              | OUTPUT    | LVCMOS25    | 12       | SLOW |              |          | 0 / 0     |
| Sa<13>                             | IOB              | OUTPUT    | LVCMOS25    | 12       | SLOW |              |          | 0 / 0     |
| Sa<14>                             | IOB              | OUTPUT    | LVCMOS25    | 12       | SLOW |              |          | 0 / 0     |
| Sa<15>                             | IOB              | OUTPUT    | LVCMOS25    | 12       | SLOW |              |          | 0 / 0     |
| Sd<0>                              | IOB              | OUTPUT    | LVCMOS25    | 12       | SLOW |              |          | 0 / 0     |
| Sd<1>                              | IOB              | OUTPUT    | LVCMOS25    | 12       | SLOW |              |          | 0 / 0     |
| Sd<2>                              | IOB              | OUTPUT    | LVCMOS25    | 12       | SLOW |              |          | 0 / 0     |
| Sd<3>                              | IOB              | OUTPUT    | LVCMOS25    | 12       | SLOW |              |          | 0 / 0     |
| Sd<4>                              | IOB              | OUTPUT    | LVCMOS25    | 12       | SLOW |              |          | 0 / 0     |
| Sd<5>                              | IOB              | OUTPUT    | LVCMOS25    | 12       | SLOW |              |          | 0 / 0     |
| Sd<6>                              | IOB              | OUTPUT    | LVCMOS25    | 12       | SLOW |              |          | 0 / 0     |
| Sd<7>                              | IOB              | OUTPUT    | LVCMOS25    | 12       | SLOW |              |          | 0 / 0     |
| Sd<8>                              | IOB              | OUTPUT    | LVCMOS25    | 12       | SLOW |              |          | 0 / 0     |
| Sd<9>                              | IOB              | OUTPUT    | LVCMOS25    | 12       | SLOW |              |          | 0 / 0     |
| Sd<10>                             | IOB              | OUTPUT    | LVCMOS25    | 12       | SLOW |              |          | 0 / 0     |
| Sd<11>                             | IOB              | OUTPUT    | LVCMOS25    | 12       | SLOW |              |          | 0 / 0     |
| Sd<12>                             | IOB              | OUTPUT    | LVCMOS25    | 12       | SLOW |              |          | 0 / 0     |
| Sd<13>                             | IOB              | OUTPUT    | LVCMOS25    | 12       | SLOW |              |          | 0 / 0     |
| Sd<14>                             | IOB              | OUTPUT    | LVCMOS25    | 12       | SLOW |              |          | 0 / 0     |
| Sd<15>                             | IOB              | OUTPUT    | LVCMOS25    | 12       | SLOW |              |          | 0 / 0     |
| Sp<0>                              | IOB              | OUTPUT    | LVCMOS25    | 12       | SLOW | OFF1         |          | 0 / 0     |
| Sp<1>                              | IOB              | OUTPUT    | LVCMOS25    | 12       | SLOW | OFF1         |          | 0 / 0     |
| Sp<2>                              | IOB              | OUTPUT    | LVCMOS25    | 12       | SLOW | OFF1         |          | 0 / 0     |
| Sp<3>                              | IOB              | OUTPUT    | LVCMOS25    | 12       | SLOW | OFF1         |          | 0 / 0     |
| Sp<4>                              | IOB              | OUTPUT    | LVCMOS25    | 12       | SLOW | OFF1         |          | 0 / 0     |
| Sp<5>                              | IOB              | OUTPUT    | LVCMOS25    | 12       | SLOW | OFF1         |          | 0 / 0     |
| Sp<6>                              | IOB              | OUTPUT    | LVCMOS25    | 12       | SLOW | OFF1         |          | 0 / 0     |
| Sp<7>                              | IOB              | OUTPUT    | LVCMOS25    | 12       | SLOW | OFF1         |          | 0 / 0     |
| Sp<8>                              | IOB              | OUTPUT    | LVCMOS25    | 12       | SLOW | OFF1         |          | 0 / 0     |
| Sp<9>                              | IOB              | OUTPUT    | LVCMOS25    | 12       | SLOW | OFF1         |          | 0 / 0     |
| Sp<10>                             | IOB              | OUTPUT    | LVCMOS25    | 12       | SLOW | OFF1         |          | 0 / 0     |
| Sp<11>                             | IOB              | OUTPUT    | LVCMOS25    | 12       | SLOW | OFF1         |          | 0 / 0     |
| Sp<12>                             | IOB              | OUTPUT    | LVCMOS25    | 12       | SLOW | OFF1         |          | 0 / 0     |
| Sp<13>                             | IOB              | OUTPUT    | LVCMOS25    | 12       | SLOW | OFF1         |          | 0 / 0     |
| Sp<14>                             | IOB              | OUTPUT    | LVCMOS25    | 12       | SLOW | OFF1         |          | 0 / 0     |
| Sp<15>                             | IOB              | OUTPUT    | LVCMOS25    | 12       | SLOW | OFF1         |          | 0 / 0     |
| clk                                | IBUF             | INPUT     | LVCMOS25    |          |      |              |          | 0 / 0     |
| nBHE                               | IOB              | OUTPUT    | LVCMOS25    | 12       | SLOW |              |          | 0 / 0     |
| nBLE                               | IOB              | OUTPUT    | LVCMOS25    | 12       | SLOW |              |          | 0 / 0     |
| nMREQ                              | IOB              | OUTPUT    | LVCMOS25    | 12       | SLOW |              |          | 0 / 0     |
| nRD                                | IOB              | OUTPUT    | LVCMOS25    | 12       | SLOW |              |          | 0 / 0     |
| nWR                                | IOB              | OUTPUT    | LVCMOS25    | 12       | SLOW |              |          | 0 / 0     |
| reset                              | IBUF             | INPUT     | LVCMOS25    |          |      |              |          | 0 / 0     |
+-----------------------------------------------------------------------------------------------------------------------------------------+

Section 7 - RPMs
----------------

Section 8 - Guide Report
------------------------
Guide not run on this design.

Section 9 - Area Group and Partition Summary
--------------------------------------------

Partition Implementation Status
-------------------------------

  No Partitions were found in this design.

-------------------------------

Area Group Information
----------------------

  No area groups were found in this design.


----------------------

Section 10 - Modular Design Summary
-----------------------------------
Modular Design not used for this design.

Section 11 - Timing Report
--------------------------
This design was not run using timing mode.

Section 12 - Configuration String Details
-----------------------------------------
Use the "-detail" map option to print out Configuration Strings
