Release 9.1i Map J.30
Xilinx Mapping Report File for Design 'ifblock'

Design Information
------------------
Command Line   : C:\Xilinx91i\bin\nt\map.exe -ise C:/Xilinx91i/lab7/lab7.ise
-intstyle ise -p xc3s500e-pq208-4 -cm area -pr b -k 4 -c 100 -o ifblock_map.ncd
ifblock.ngd ifblock.pcf 
Target Device  : xc3s500e
Target Package : pq208
Target Speed   : -4
Mapper Version : spartan3e -- $Revision: 1.36 $
Mapped Date    : Sat Nov 23 20:04:44 2013

Design Summary
--------------
Number of errors:      0
Number of warnings:    1
Logic Utilization:
  Number of Slice Flip Flops:          16 out of   9,312    1%
  Number of 4 input LUTs:              50 out of   9,312    1%
Logic Distribution:
  Number of occupied Slices:                           33 out of   4,656    1%
    Number of Slices containing only related logic:      33 out of      33  100%
    Number of Slices containing unrelated logic:          0 out of      33    0%
      *See NOTES below for an explanation of the effects of unrelated logic
Total Number of 4 input LUTs:             65 out of   9,312    1%
  Number used as logic:                 50
  Number used as a route-thru:          15
  Number of bonded IOBs:               69 out of     158   43%
    IOB Latches:                       16
  Number of GCLKs:                     2 out of      24    8%

Total equivalent gate count for design:  604
Additional JTAG gate count for IOBs:  3,312
Peak Memory Usage:  174 MB
Total REAL time to MAP completion:  1 secs 
Total CPU time to MAP completion:   1 secs 

NOTES:

   Related logic is defined as being logic that shares connectivity - e.g. two
   LUTs are "related" if they share common inputs.  When assembling slices,
   Map gives priority to combine logic that is related.  Doing so results in
   the best timing performance.

   Unrelated logic shares no connectivity.  Map will only begin packing
   unrelated logic into a slice once 99% of the slices are occupied through
   related logic packing.

   Note that once logic distribution reaches the 99% level through related
   logic packing, this does not mean the device is completely utilized.
   Unrelated logic packing will then begin, continuing until all usable LUTs
   and FFs are occupied.  Depending on your timing budget, increased levels of
   unrelated logic packing may adversely affect the overall timing performance
   of your design.

Table of Contents
-----------------
Section 1 - Errors
Section 2 - Warnings
Section 3 - Informational
Section 4 - Removed Logic Summary
Section 5 - Removed Logic
Section 6 - IOB Properties
Section 7 - RPMs
Section 8 - Guide Report
Section 9 - Area Group and Partition Summary
Section 10 - Modular Design Summary
Section 11 - Timing Report
Section 12 - Configuration String Information

Section 1 - Errors
------------------

Section 2 - Warnings
--------------------
WARNING:LIT:175 - Clock buffer is designated to drive clock loads. BUFGMUX
   symbol "physical_group_c1_BUFGP/c1_BUFGP/BUFG" (output signal=c1_BUFGP) has a
   mix of clock and non-clock loads. Some of the non-clock loads are (maximum of
   5 listed):
   Pin CE of PC_T_15
   Pin CE of PC_T_14
   Pin CE of PC_T_13
   Pin CE of PC_T_12
   Pin CE of PC_T_11

Section 3 - Informational
-------------------------
INFO:MapLib:562 - No environment variables are currently set.
INFO:MapLib:863 - The following Virtex BUFG(s) is/are being retargeted to
   Virtex2 BUFGMUX(s) with input tied to I0 and Select pin tied to constant 0:
   BUFGP symbol "c1_BUFGP" (output signal=c1_BUFGP),
   BUFGP symbol "c2_BUFGP" (output signal=c2_BUFGP)
INFO:LIT:244 - All of the single ended outputs in this design are using slew
   rate limited output drivers. The delay on speed critical single ended outputs
   can be dramatically reduced by designating them as fast outputs in the
   schematic.

Section 4 - Removed Logic Summary
---------------------------------
   2 block(s) optimized away

Section 5 - Removed Logic
-------------------------

Optimized Block(s):
TYPE 		BLOCK
GND 		XST_GND
VCC 		XST_VCC

To enable printing of redundant blocks removed and signals merged, set the
detailed map report option and rerun map.

Section 6 - IOB Properties
--------------------------

+-----------------------------------------------------------------------------------------------------------------------------------------+
| IOB Name                           | IOB Type         | Direction | IO Standard | Drive    | Slew | Reg (s)      | Resistor | IBUF/IFD  |
|                                    |                  |           |             | Strength | Rate |              |          | Delay     |
+-----------------------------------------------------------------------------------------------------------------------------------------+
| IR_I<0>                            | IBUF             | INPUT     | LVCMOS25    |          |      | IFF1         |          | 0 / 2     |
| IR_I<1>                            | IBUF             | INPUT     | LVCMOS25    |          |      | IFF1         |          | 0 / 2     |
| IR_I<2>                            | IBUF             | INPUT     | LVCMOS25    |          |      | IFF1         |          | 0 / 2     |
| IR_I<3>                            | IBUF             | INPUT     | LVCMOS25    |          |      | IFF1         |          | 0 / 2     |
| IR_I<4>                            | IBUF             | INPUT     | LVCMOS25    |          |      | IFF1         |          | 0 / 2     |
| IR_I<5>                            | IBUF             | INPUT     | LVCMOS25    |          |      | IFF1         |          | 0 / 2     |
| IR_I<6>                            | IBUF             | INPUT     | LVCMOS25    |          |      | IFF1         |          | 0 / 2     |
| IR_I<7>                            | IBUF             | INPUT     | LVCMOS25    |          |      | IFF1         |          | 0 / 2     |
| IR_I<8>                            | IBUF             | INPUT     | LVCMOS25    |          |      | IFF1         |          | 0 / 2     |
| IR_I<9>                            | IBUF             | INPUT     | LVCMOS25    |          |      | IFF1         |          | 0 / 2     |
| IR_I<10>                           | IBUF             | INPUT     | LVCMOS25    |          |      |              |          | 0 / 0     |
| IR_I<11>                           | IBUF             | INPUT     | LVCMOS25    |          |      |              |          | 0 / 0     |
| IR_I<12>                           | IBUF             | INPUT     | LVCMOS25    |          |      |              |          | 0 / 0     |
| IR_I<13>                           | IBUF             | INPUT     | LVCMOS25    |          |      |              |          | 0 / 0     |
| IR_I<14>                           | IBUF             | INPUT     | LVCMOS25    |          |      |              |          | 0 / 0     |
| IR_I<15>                           | IBUF             | INPUT     | LVCMOS25    |          |      |              |          | 0 / 0     |
| IR_O<0>                            | IOB              | OUTPUT    | LVCMOS25    | 12       | SLOW |              |          | 0 / 0     |
| IR_O<1>                            | IOB              | OUTPUT    | LVCMOS25    | 12       | SLOW |              |          | 0 / 0     |
| IR_O<2>                            | IOB              | OUTPUT    | LVCMOS25    | 12       | SLOW |              |          | 0 / 0     |
| IR_O<3>                            | IOB              | OUTPUT    | LVCMOS25    | 12       | SLOW |              |          | 0 / 0     |
| IR_O<4>                            | IOB              | OUTPUT    | LVCMOS25    | 12       | SLOW |              |          | 0 / 0     |
| IR_O<5>                            | IOB              | OUTPUT    | LVCMOS25    | 12       | SLOW |              |          | 0 / 0     |
| IR_O<6>                            | IOB              | OUTPUT    | LVCMOS25    | 12       | SLOW |              |          | 0 / 0     |
| IR_O<7>                            | IOB              | OUTPUT    | LVCMOS25    | 12       | SLOW |              |          | 0 / 0     |
| IR_O<8>                            | IOB              | OUTPUT    | LVCMOS25    | 12       | SLOW |              |          | 0 / 0     |
| IR_O<9>                            | IOB              | OUTPUT    | LVCMOS25    | 12       | SLOW |              |          | 0 / 0     |
| IR_O<10>                           | IOB              | OUTPUT    | LVCMOS25    | 12       | SLOW | OFF1         |          | 0 / 0     |
| IR_O<11>                           | IOB              | OUTPUT    | LVCMOS25    | 12       | SLOW | OFF1         |          | 0 / 0     |
| IR_O<12>                           | IOB              | OUTPUT    | LVCMOS25    | 12       | SLOW | OFF1         |          | 0 / 0     |
| IR_O<13>                           | IOB              | OUTPUT    | LVCMOS25    | 12       | SLOW | OFF1         |          | 0 / 0     |
| IR_O<14>                           | IOB              | OUTPUT    | LVCMOS25    | 12       | SLOW | OFF1         |          | 0 / 0     |
| IR_O<15>                           | IOB              | OUTPUT    | LVCMOS25    | 12       | SLOW | OFF1         |          | 0 / 0     |
| IR_R                               | IOB              | OUTPUT    | LVCMOS25    | 12       | SLOW |              |          | 0 / 0     |
| PC_C                               | IBUF             | INPUT     | LVCMOS25    |          |      |              |          | 0 / 0     |
| PC_I<0>                            | IBUF             | INPUT     | LVCMOS25    |          |      |              |          | 0 / 0     |
| PC_I<1>                            | IBUF             | INPUT     | LVCMOS25    |          |      |              |          | 0 / 0     |
| PC_I<2>                            | IBUF             | INPUT     | LVCMOS25    |          |      |              |          | 0 / 0     |
| PC_I<3>                            | IBUF             | INPUT     | LVCMOS25    |          |      |              |          | 0 / 0     |
| PC_I<4>                            | IBUF             | INPUT     | LVCMOS25    |          |      |              |          | 0 / 0     |
| PC_I<5>                            | IBUF             | INPUT     | LVCMOS25    |          |      |              |          | 0 / 0     |
| PC_I<6>                            | IBUF             | INPUT     | LVCMOS25    |          |      |              |          | 0 / 0     |
| PC_I<7>                            | IBUF             | INPUT     | LVCMOS25    |          |      |              |          | 0 / 0     |
| PC_I<8>                            | IBUF             | INPUT     | LVCMOS25    |          |      |              |          | 0 / 0     |
| PC_I<9>                            | IBUF             | INPUT     | LVCMOS25    |          |      |              |          | 0 / 0     |
| PC_I<10>                           | IBUF             | INPUT     | LVCMOS25    |          |      |              |          | 0 / 0     |
| PC_I<11>                           | IBUF             | INPUT     | LVCMOS25    |          |      |              |          | 0 / 0     |
| PC_I<12>                           | IBUF             | INPUT     | LVCMOS25    |          |      |              |          | 0 / 0     |
| PC_I<13>                           | IBUF             | INPUT     | LVCMOS25    |          |      |              |          | 0 / 0     |
| PC_I<14>                           | IBUF             | INPUT     | LVCMOS25    |          |      |              |          | 0 / 0     |
| PC_I<15>                           | IBUF             | INPUT     | LVCMOS25    |          |      |              |          | 0 / 0     |
| PC_O<0>                            | IOB              | OUTPUT    | LVCMOS25    | 12       | SLOW |              |          | 0 / 0     |
| PC_O<1>                            | IOB              | OUTPUT    | LVCMOS25    | 12       | SLOW |              |          | 0 / 0     |
| PC_O<2>                            | IOB              | OUTPUT    | LVCMOS25    | 12       | SLOW |              |          | 0 / 0     |
| PC_O<3>                            | IOB              | OUTPUT    | LVCMOS25    | 12       | SLOW |              |          | 0 / 0     |
| PC_O<4>                            | IOB              | OUTPUT    | LVCMOS25    | 12       | SLOW |              |          | 0 / 0     |
| PC_O<5>                            | IOB              | OUTPUT    | LVCMOS25    | 12       | SLOW |              |          | 0 / 0     |
| PC_O<6>                            | IOB              | OUTPUT    | LVCMOS25    | 12       | SLOW |              |          | 0 / 0     |
| PC_O<7>                            | IOB              | OUTPUT    | LVCMOS25    | 12       | SLOW |              |          | 0 / 0     |
| PC_O<8>                            | IOB              | OUTPUT    | LVCMOS25    | 12       | SLOW |              |          | 0 / 0     |
| PC_O<9>                            | IOB              | OUTPUT    | LVCMOS25    | 12       | SLOW |              |          | 0 / 0     |
| PC_O<10>                           | IOB              | OUTPUT    | LVCMOS25    | 12       | SLOW |              |          | 0 / 0     |
| PC_O<11>                           | IOB              | OUTPUT    | LVCMOS25    | 12       | SLOW |              |          | 0 / 0     |
| PC_O<12>                           | IOB              | OUTPUT    | LVCMOS25    | 12       | SLOW |              |          | 0 / 0     |
| PC_O<13>                           | IOB              | OUTPUT    | LVCMOS25    | 12       | SLOW |              |          | 0 / 0     |
| PC_O<14>                           | IOB              | OUTPUT    | LVCMOS25    | 12       | SLOW |              |          | 0 / 0     |
| PC_O<15>                           | IOB              | OUTPUT    | LVCMOS25    | 12       | SLOW |              |          | 0 / 0     |
| c1                                 | IBUF             | INPUT     | LVCMOS25    |          |      |              |          | 0 / 0     |
| c2                                 | IBUF             | INPUT     | LVCMOS25    |          |      |              |          | 0 / 0     |
| reset                              | IBUF             | INPUT     | LVCMOS25    |          |      |              |          | 0 / 0     |
+-----------------------------------------------------------------------------------------------------------------------------------------+

Section 7 - RPMs
----------------

Section 8 - Guide Report
------------------------
Guide not run on this design.

Section 9 - Area Group and Partition Summary
--------------------------------------------

Partition Implementation Status
-------------------------------

  No Partitions were found in this design.

-------------------------------

Area Group Information
----------------------

  No area groups were found in this design.


----------------------

Section 10 - Modular Design Summary
-----------------------------------
Modular Design not used for this design.

Section 11 - Timing Report
--------------------------
This design was not run using timing mode.

Section 12 - Configuration String Details
-----------------------------------------
Use the "-detail" map option to print out Configuration Strings
