 command line:
   ./w_rewblock_isim_beh.exe
     -intstyle  ise
     -ipchost  localhost
     -ipcport  1223

Mon Nov 25 18:44:05 2013

Total Line Count : 139

 Elaboration time : 0 sec.

 Estimate current memory usage : 117.469 Meg. 

 Total Signals          : 26
 Total Nets             : 118
 Total Signal Drivers   : 21
 Total Blocks           : 6
 Total Primitive Blocks : 2
 Total Processes        : 20
 Total Traceable Variables  : 25
 Total Scalar Nets and Variables : 249
ntrace select -o on -m / -l this 
ntrace start 
run 20000 ns 
Simulator is doing circuit initialization process.
Finished circuit initialization process.

 Simulation time 0.100144 sec.

 Estimate current memory usage : 125.858 Meg. 

Mon Nov 25 18:45:27 2013

