--------------------------------------------------------------------------------
Release 9.1i Trace 
Copyright (c) 1995-2007 Xilinx, Inc.  All rights reserved.

C:\Xilinx91i\bin\nt\trce.exe -ise C:/Xilinx91i/lab7/lab7.ise -intstyle ise -e 3
-s 4 -xml stblock stblock.ncd -o stblock.twr stblock.pcf

Design file:              stblock.ncd
Physical constraint file: stblock.pcf
Device,package,speed:     xc3s500e,pq208,-4 (PRODUCTION 1.26 2006-10-19)
Report level:             error report

Environment Variable      Effect 
--------------------      ------ 
NONE                      No environment variables were set
--------------------------------------------------------------------------------

INFO:Timing:2698 - No timing constraints found, doing default enumeration.
INFO:Timing:2752 - To get complete path coverage, use the unconstrained paths 
   option. All paths that are not constrained will be reported in the 
   unconstrained paths section(s) of the report.
INFO:Timing:3339 - The clock-to-out numbers in this timing report are based on 
   a 50 Ohm transmission line loading model.  For the details of this model, 
   and for more information on accounting for different loading conditions, 
   please see the device datasheet.



Data Sheet report:
-----------------
All values displayed in nanoseconds (ns)

Setup/Hold to clock c3
------------+------------+------------+------------------+--------+
            |  Setup to  |  Hold to   |                  | Clock  |
Source      | clk (edge) | clk (edge) |Internal Clock(s) | Phase  |
------------+------------+------------+------------------+--------+
AD_O<0>     |    0.847(F)|    0.539(F)|c3_BUFGP          |   0.000|
AD_O<1>     |    0.457(F)|    0.851(F)|c3_BUFGP          |   0.000|
AD_O<2>     |    1.551(F)|   -0.033(F)|c3_BUFGP          |   0.000|
AD_O<3>     |    1.058(F)|    0.361(F)|c3_BUFGP          |   0.000|
AD_O<4>     |    0.952(F)|    0.448(F)|c3_BUFGP          |   0.000|
AD_O<5>     |    1.154(F)|    0.286(F)|c3_BUFGP          |   0.000|
AD_O<6>     |    0.629(F)|    0.705(F)|c3_BUFGP          |   0.000|
AD_O<7>     |    0.878(F)|    0.506(F)|c3_BUFGP          |   0.000|
AD_O<8>     |    1.609(F)|   -0.073(F)|c3_BUFGP          |   0.000|
AD_O<9>     |    2.461(F)|   -0.755(F)|c3_BUFGP          |   0.000|
AD_O<10>    |    0.738(F)|    0.628(F)|c3_BUFGP          |   0.000|
AD_O<11>    |    0.446(F)|    0.862(F)|c3_BUFGP          |   0.000|
AD_O<12>    |    0.268(F)|    1.002(F)|c3_BUFGP          |   0.000|
AD_O<13>    |    0.137(F)|    1.107(F)|c3_BUFGP          |   0.000|
AD_O<14>    |    0.786(F)|    0.578(F)|c3_BUFGP          |   0.000|
AD_O<15>    |    0.579(F)|    0.744(F)|c3_BUFGP          |   0.000|
DT_I<0>     |    0.639(F)|    0.696(F)|c3_BUFGP          |   0.000|
DT_I<1>     |    2.000(F)|   -0.393(F)|c3_BUFGP          |   0.000|
DT_I<2>     |    1.371(F)|    0.120(F)|c3_BUFGP          |   0.000|
DT_I<3>     |    1.020(F)|    0.401(F)|c3_BUFGP          |   0.000|
DT_I<4>     |    1.391(F)|    0.098(F)|c3_BUFGP          |   0.000|
DT_I<5>     |    1.677(F)|   -0.132(F)|c3_BUFGP          |   0.000|
DT_I<6>     |    1.391(F)|    0.095(F)|c3_BUFGP          |   0.000|
DT_I<7>     |    0.953(F)|    0.454(F)|c3_BUFGP          |   0.000|
aluout<0>   |    3.955(F)|   -0.509(F)|c3_BUFGP          |   0.000|
aluout<1>   |    3.970(F)|   -0.526(F)|c3_BUFGP          |   0.000|
aluout<2>   |    3.966(F)|   -0.521(F)|c3_BUFGP          |   0.000|
aluout<3>   |   -0.111(F)|    1.416(F)|c3_BUFGP          |   0.000|
aluout<4>   |   -0.144(F)|    1.450(F)|c3_BUFGP          |   0.000|
aluout<5>   |   -0.172(F)|    1.469(F)|c3_BUFGP          |   0.000|
aluout<6>   |   -0.117(F)|    1.416(F)|c3_BUFGP          |   0.000|
aluout<7>   |   -0.128(F)|    1.434(F)|c3_BUFGP          |   0.000|
------------+------------+------------+------------------+--------+

Clock IR_O<11> to Pad
------------+------------+------------------+--------+
            | clk (edge) |                  | Clock  |
Destination |   to PAD   |Internal Clock(s) | Phase  |
------------+------------+------------------+--------+
RD_O        |    7.965(F)|RD_O_not0001      |   0.000|
WR_O        |    8.341(F)|RD_O_not0001      |   0.000|
------------+------------+------------------+--------+

Clock IR_O<12> to Pad
------------+------------+------------------+--------+
            | clk (edge) |                  | Clock  |
Destination |   to PAD   |Internal Clock(s) | Phase  |
------------+------------+------------------+--------+
RD_O        |   12.150(F)|RD_O_not0001      |   0.000|
WR_O        |   12.526(F)|RD_O_not0001      |   0.000|
------------+------------+------------------+--------+

Clock IR_O<13> to Pad
------------+------------+------------------+--------+
            | clk (edge) |                  | Clock  |
Destination |   to PAD   |Internal Clock(s) | Phase  |
------------+------------+------------------+--------+
RD_O        |   13.034(F)|RD_O_not0001      |   0.000|
WR_O        |   13.410(F)|RD_O_not0001      |   0.000|
------------+------------+------------------+--------+

Clock IR_O<14> to Pad
------------+------------+------------------+--------+
            | clk (edge) |                  | Clock  |
Destination |   to PAD   |Internal Clock(s) | Phase  |
------------+------------+------------------+--------+
RD_O        |   12.913(F)|RD_O_not0001      |   0.000|
WR_O        |   13.289(F)|RD_O_not0001      |   0.000|
------------+------------+------------------+--------+

Clock IR_O<15> to Pad
------------+------------+------------------+--------+
            | clk (edge) |                  | Clock  |
Destination |   to PAD   |Internal Clock(s) | Phase  |
------------+------------+------------------+--------+
RD_O        |   12.894(F)|RD_O_not0001      |   0.000|
WR_O        |   13.270(F)|RD_O_not0001      |   0.000|
------------+------------+------------------+--------+

Clock c3 to Pad
------------+------------+------------------+--------+
            | clk (edge) |                  | Clock  |
Destination |   to PAD   |Internal Clock(s) | Phase  |
------------+------------+------------------+--------+
AD_I<0>     |    7.970(F)|c3_BUFGP          |   0.000|
AD_I<1>     |    8.295(F)|c3_BUFGP          |   0.000|
AD_I<2>     |    8.305(F)|c3_BUFGP          |   0.000|
AD_I<3>     |    8.299(F)|c3_BUFGP          |   0.000|
AD_I<4>     |    8.508(F)|c3_BUFGP          |   0.000|
AD_I<5>     |    9.153(F)|c3_BUFGP          |   0.000|
AD_I<6>     |    8.019(F)|c3_BUFGP          |   0.000|
AD_I<7>     |    9.216(F)|c3_BUFGP          |   0.000|
AD_I<8>     |    8.526(F)|c3_BUFGP          |   0.000|
AD_I<9>     |    8.994(F)|c3_BUFGP          |   0.000|
AD_I<10>    |    7.378(F)|c3_BUFGP          |   0.000|
AD_I<11>    |    7.421(F)|c3_BUFGP          |   0.000|
AD_I<12>    |    7.327(F)|c3_BUFGP          |   0.000|
AD_I<13>    |    7.362(F)|c3_BUFGP          |   0.000|
AD_I<14>    |    8.386(F)|c3_BUFGP          |   0.000|
AD_I<15>    |    8.124(F)|c3_BUFGP          |   0.000|
DT_O<0>     |    7.960(F)|c3_BUFGP          |   0.000|
DT_O<1>     |    7.903(F)|c3_BUFGP          |   0.000|
DT_O<2>     |    7.913(F)|c3_BUFGP          |   0.000|
DT_O<3>     |    6.161(F)|c3_BUFGP          |   0.000|
DT_O<4>     |    6.183(F)|c3_BUFGP          |   0.000|
DT_O<5>     |    6.179(F)|c3_BUFGP          |   0.000|
DT_O<6>     |    6.146(F)|c3_BUFGP          |   0.000|
DT_O<7>     |    6.178(F)|c3_BUFGP          |   0.000|
RD_O        |    8.274(F)|RD_O_not0001      |   0.000|
Reg_O<0>    |    8.294(F)|c3_BUFGP          |   0.000|
Reg_O<1>    |    8.266(F)|c3_BUFGP          |   0.000|
Reg_O<2>    |    7.367(F)|c3_BUFGP          |   0.000|
Reg_O<3>    |    7.399(F)|c3_BUFGP          |   0.000|
Reg_O<4>    |    8.826(F)|c3_BUFGP          |   0.000|
Reg_O<5>    |    8.527(F)|c3_BUFGP          |   0.000|
Reg_O<6>    |    8.491(F)|c3_BUFGP          |   0.000|
Reg_O<7>    |    7.260(F)|c3_BUFGP          |   0.000|
WR_O        |    8.650(F)|RD_O_not0001      |   0.000|
------------+------------+------------------+--------+

Clock reset to Pad
------------+------------+------------------+--------+
            | clk (edge) |                  | Clock  |
Destination |   to PAD   |Internal Clock(s) | Phase  |
------------+------------+------------------+--------+
RD_O        |   10.145(F)|RD_O_not0001      |   0.000|
WR_O        |   10.521(F)|RD_O_not0001      |   0.000|
------------+------------+------------------+--------+

Clock to Setup on destination clock IR_O<11>
---------------+---------+---------+---------+---------+
               | Src:Rise| Src:Fall| Src:Rise| Src:Fall|
Source Clock   |Dest:Rise|Dest:Rise|Dest:Fall|Dest:Fall|
---------------+---------+---------+---------+---------+
IR_O<11>       |         |         |    1.208|    1.208|
IR_O<12>       |         |         |    5.186|    5.186|
IR_O<13>       |         |         |    6.125|    6.125|
IR_O<14>       |         |         |    6.004|    6.004|
IR_O<15>       |         |         |    5.985|    5.985|
c3             |         |         |    3.680|    3.680|
reset          |         |         |    3.401|    3.401|
---------------+---------+---------+---------+---------+

Clock to Setup on destination clock IR_O<12>
---------------+---------+---------+---------+---------+
               | Src:Rise| Src:Fall| Src:Rise| Src:Fall|
Source Clock   |Dest:Rise|Dest:Rise|Dest:Fall|Dest:Fall|
---------------+---------+---------+---------+---------+
IR_O<11>       |         |         |   -2.139|   -2.139|
IR_O<12>       |         |         |    1.839|    1.839|
IR_O<13>       |         |         |    2.778|    2.778|
IR_O<14>       |         |         |    2.657|    2.657|
IR_O<15>       |         |         |    2.638|    2.638|
c3             |         |         |    0.333|    0.333|
reset          |         |         |    0.054|    0.054|
---------------+---------+---------+---------+---------+

Clock to Setup on destination clock IR_O<13>
---------------+---------+---------+---------+---------+
               | Src:Rise| Src:Fall| Src:Rise| Src:Fall|
Source Clock   |Dest:Rise|Dest:Rise|Dest:Fall|Dest:Fall|
---------------+---------+---------+---------+---------+
IR_O<11>       |         |         |   -2.847|   -2.847|
IR_O<12>       |         |         |    1.131|    1.131|
IR_O<13>       |         |         |    2.070|    2.070|
IR_O<14>       |         |         |    1.949|    1.949|
IR_O<15>       |         |         |    1.930|    1.930|
c3             |         |         |   -0.375|   -0.375|
reset          |         |         |   -0.654|   -0.654|
---------------+---------+---------+---------+---------+

Clock to Setup on destination clock IR_O<14>
---------------+---------+---------+---------+---------+
               | Src:Rise| Src:Fall| Src:Rise| Src:Fall|
Source Clock   |Dest:Rise|Dest:Rise|Dest:Fall|Dest:Fall|
---------------+---------+---------+---------+---------+
IR_O<11>       |         |         |   -2.750|   -2.750|
IR_O<12>       |         |         |    1.228|    1.228|
IR_O<13>       |         |         |    2.167|    2.167|
IR_O<14>       |         |         |    2.046|    2.046|
IR_O<15>       |         |         |    2.027|    2.027|
c3             |         |         |   -0.278|   -0.278|
reset          |         |         |   -0.557|   -0.557|
---------------+---------+---------+---------+---------+

Clock to Setup on destination clock IR_O<15>
---------------+---------+---------+---------+---------+
               | Src:Rise| Src:Fall| Src:Rise| Src:Fall|
Source Clock   |Dest:Rise|Dest:Rise|Dest:Fall|Dest:Fall|
---------------+---------+---------+---------+---------+
IR_O<11>       |         |         |   -2.735|   -2.735|
IR_O<12>       |         |         |    1.243|    1.243|
IR_O<13>       |         |         |    2.182|    2.182|
IR_O<14>       |         |         |    2.061|    2.061|
IR_O<15>       |         |         |    2.042|    2.042|
c3             |         |         |   -0.263|   -0.263|
reset          |         |         |   -0.542|   -0.542|
---------------+---------+---------+---------+---------+

Clock to Setup on destination clock c3
---------------+---------+---------+---------+---------+
               | Src:Rise| Src:Fall| Src:Rise| Src:Fall|
Source Clock   |Dest:Rise|Dest:Rise|Dest:Fall|Dest:Fall|
---------------+---------+---------+---------+---------+
IR_O<11>       |         |         |    7.402|    7.402|
IR_O<12>       |         |         |   11.587|   11.587|
IR_O<13>       |         |         |   12.471|   12.471|
IR_O<14>       |         |         |   12.350|   12.350|
IR_O<15>       |         |         |   12.331|   12.331|
c3             |         |         |    3.388|    3.388|
reset          |         |         |    3.109|    3.109|
---------------+---------+---------+---------+---------+

Clock to Setup on destination clock reset
---------------+---------+---------+---------+---------+
               | Src:Rise| Src:Fall| Src:Rise| Src:Fall|
Source Clock   |Dest:Rise|Dest:Rise|Dest:Fall|Dest:Fall|
---------------+---------+---------+---------+---------+
IR_O<11>       |         |         |   -0.536|   -0.536|
IR_O<12>       |         |         |    3.442|    3.442|
IR_O<13>       |         |         |    4.381|    4.381|
IR_O<14>       |         |         |    4.260|    4.260|
IR_O<15>       |         |         |    4.241|    4.241|
c3             |         |         |    1.936|    1.936|
reset          |         |         |    1.657|    1.657|
---------------+---------+---------+---------+---------+


Analysis completed Mon Nov 25 18:49:52 2013
--------------------------------------------------------------------------------

Trace Settings:
-------------------------
Trace Settings 

Peak Memory Usage: 131 MB



