Release 9.1i Map J.30
Xilinx Mapping Report File for Design 'stctrblock'

Design Information
------------------
Command Line   : C:\Xilinx91i\bin\nt\map.exe -ise C:/Xilinx91i/lab7/lab7.ise
-intstyle ise -p xc3s500e-pq208-4 -cm area -pr b -k 4 -c 100 -o
stctrblock_map.ncd stctrblock.ngd stctrblock.pcf 
Target Device  : xc3s500e
Target Package : pq208
Target Speed   : -4
Mapper Version : spartan3e -- $Revision: 1.36 $
Mapped Date    : Sat Nov 23 20:42:01 2013

Design Summary
--------------
Number of errors:      0
Number of warnings:   10
Logic Utilization:
  Number of 4 input LUTs:              51 out of   9,312    1%
Logic Distribution:
  Number of occupied Slices:                           26 out of   4,656    1%
    Number of Slices containing only related logic:      26 out of      26  100%
    Number of Slices containing unrelated logic:          0 out of      26    0%
      *See NOTES below for an explanation of the effects of unrelated logic
Total Number of 4 input LUTs:          51 out of   9,312    1%
  Number of bonded IOBs:              104 out of     158   65%
    IOB Latches:                       40
  Number of GCLKs:                     2 out of      24    8%

Total equivalent gate count for design:  560
Additional JTAG gate count for IOBs:  4,992
Peak Memory Usage:  174 MB
Total REAL time to MAP completion:  1 secs 
Total CPU time to MAP completion:   1 secs 

NOTES:

   Related logic is defined as being logic that shares connectivity - e.g. two
   LUTs are "related" if they share common inputs.  When assembling slices,
   Map gives priority to combine logic that is related.  Doing so results in
   the best timing performance.

   Unrelated logic shares no connectivity.  Map will only begin packing
   unrelated logic into a slice once 99% of the slices are occupied through
   related logic packing.

   Note that once logic distribution reaches the 99% level through related
   logic packing, this does not mean the device is completely utilized.
   Unrelated logic packing will then begin, continuing until all usable LUTs
   and FFs are occupied.  Depending on your timing budget, increased levels of
   unrelated logic packing may adversely affect the overall timing performance
   of your design.

Table of Contents
-----------------
Section 1 - Errors
Section 2 - Warnings
Section 3 - Informational
Section 4 - Removed Logic Summary
Section 5 - Removed Logic
Section 6 - IOB Properties
Section 7 - RPMs
Section 8 - Guide Report
Section 9 - Area Group and Partition Summary
Section 10 - Modular Design Summary
Section 11 - Timing Report
Section 12 - Configuration String Information

Section 1 - Errors
------------------

Section 2 - Warnings
--------------------
WARNING:LIT:243 - Logical network N84 has no load.
WARNING:LIT:175 - Clock buffer is designated to drive clock loads. BUFGMUX
   symbol "physical_group_IR_R_BUFGP/IR_R_BUFGP/BUFG" (output signal=IR_R_BUFGP)
   has a mix of clock and non-clock loads. Some of the non-clock loads are
   (maximum of 5 listed):
   Pin I1 of nWR1
   Pin I0 of ABUS_mux0002<9>1
   Pin I0 of ABUS_mux0002<8>1
   Pin I0 of ABUS_mux0002<7>1
   Pin I0 of ABUS_mux0002<6>1
WARNING:LIT:176 - Clock buffer is designated to drive clock loads. BUFGMUX
   symbol "physical_group_WR_O_BUFGP/WR_O_BUFGP/BUFG" (output signal=WR_O_BUFGP)
   has a mix of clock and non-clock loads. The non-clock loads are:
   Pin I2 of nWR1
   Pin I0 of nBLE1
WARNING:Pack:1543 - The register IR_I_1 has the property IOB=TRUE, but was not
   packed into the input side of an I/O component. The site IFF1 contains
   register DT_I_1.
   The register IR_I_1 can not use site iff1 because the clock enable does not
   match site IFF1.
WARNING:Pack:1543 - The register IR_I_2 has the property IOB=TRUE, but was not
   packed into the input side of an I/O component. The site IFF1 contains
   register DT_I_2.
   The register IR_I_2 can not use site iff1 because the clock enable does not
   match site IFF1.
WARNING:Pack:1543 - The register IR_I_3 has the property IOB=TRUE, but was not
   packed into the input side of an I/O component. The site IFF1 contains
   register DT_I_3.
   The register IR_I_3 can not use site iff1 because the clock enable does not
   match site IFF1.
WARNING:Pack:1543 - The register IR_I_4 has the property IOB=TRUE, but was not
   packed into the input side of an I/O component. The site IFF1 contains
   register DT_I_4.
   The register IR_I_4 can not use site iff1 because the clock enable does not
   match site IFF1.
WARNING:Pack:1543 - The register IR_I_5 has the property IOB=TRUE, but was not
   packed into the input side of an I/O component. The site IFF1 contains
   register DT_I_5.
   The register IR_I_5 can not use site iff1 because the clock enable does not
   match site IFF1.
WARNING:Pack:1543 - The register IR_I_6 has the property IOB=TRUE, but was not
   packed into the input side of an I/O component. The site IFF1 contains
   register DT_I_6.
   The register IR_I_6 can not use site iff1 because the clock enable does not
   match site IFF1.
WARNING:Pack:1543 - The register IR_I_7 has the property IOB=TRUE, but was not
   packed into the input side of an I/O component. The site IFF1 contains
   register DT_I_7.
   The register IR_I_7 can not use site iff1 because the clock enable does not
   match site IFF1.

Section 3 - Informational
-------------------------
INFO:MapLib:562 - No environment variables are currently set.
INFO:MapLib:863 - The following Virtex BUFG(s) is/are being retargeted to
   Virtex2 BUFGMUX(s) with input tied to I0 and Select pin tied to constant 0:
   BUFGP symbol "IR_R_BUFGP" (output signal=IR_R_BUFGP),
   BUFGP symbol "WR_O_BUFGP" (output signal=WR_O_BUFGP)
INFO:LIT:244 - All of the single ended outputs in this design are using slew
   rate limited output drivers. The delay on speed critical single ended outputs
   can be dramatically reduced by designating them as fast outputs in the
   schematic.

Section 4 - Removed Logic Summary
---------------------------------
   1 block(s) removed
   1 block(s) optimized away
   1 signal(s) removed

Section 5 - Removed Logic
-------------------------

The trimmed logic report below shows the logic removed from your design due to
sourceless or loadless signals, and VCC or ground connections.  If the removal
of a signal or symbol results in the subsequent removal of an additional signal
or symbol, the message explaining that second removal will be indented.  This
indentation will be repeated as a chain of related logic is removed.

To quickly locate the original cause for the removal of a chain of logic, look
above the place where that logic is listed in the trimming report, then locate
the lines that are least indented (begin at the leftmost edge).

The signal "N84" is loadless and has been removed.
 Loadless block "XST_VCC" (ONE) removed.

Optimized Block(s):
TYPE 		BLOCK
GND 		XST_GND

Section 6 - IOB Properties
--------------------------

+-----------------------------------------------------------------------------------------------------------------------------------------+
| IOB Name                           | IOB Type         | Direction | IO Standard | Drive    | Slew | Reg (s)      | Resistor | IBUF/IFD  |
|                                    |                  |           |             | Strength | Rate |              |          | Delay     |
+-----------------------------------------------------------------------------------------------------------------------------------------+
| ABUS<0>                            | IOB              | OUTPUT    | LVCMOS25    | 12       | SLOW | OFF1         |          | 0 / 0     |
| ABUS<1>                            | IOB              | OUTPUT    | LVCMOS25    | 12       | SLOW | OFF1         |          | 0 / 0     |
| ABUS<2>                            | IOB              | OUTPUT    | LVCMOS25    | 12       | SLOW | OFF1         |          | 0 / 0     |
| ABUS<3>                            | IOB              | OUTPUT    | LVCMOS25    | 12       | SLOW | OFF1         |          | 0 / 0     |
| ABUS<4>                            | IOB              | OUTPUT    | LVCMOS25    | 12       | SLOW | OFF1         |          | 0 / 0     |
| ABUS<5>                            | IOB              | OUTPUT    | LVCMOS25    | 12       | SLOW | OFF1         |          | 0 / 0     |
| ABUS<6>                            | IOB              | OUTPUT    | LVCMOS25    | 12       | SLOW | OFF1         |          | 0 / 0     |
| ABUS<7>                            | IOB              | OUTPUT    | LVCMOS25    | 12       | SLOW | OFF1         |          | 0 / 0     |
| ABUS<8>                            | IOB              | OUTPUT    | LVCMOS25    | 12       | SLOW | OFF1         |          | 0 / 0     |
| ABUS<9>                            | IOB              | OUTPUT    | LVCMOS25    | 12       | SLOW | OFF1         |          | 0 / 0     |
| ABUS<10>                           | IOB              | OUTPUT    | LVCMOS25    | 12       | SLOW | OFF1         |          | 0 / 0     |
| ABUS<11>                           | IOB              | OUTPUT    | LVCMOS25    | 12       | SLOW | OFF1         |          | 0 / 0     |
| ABUS<12>                           | IOB              | OUTPUT    | LVCMOS25    | 12       | SLOW | OFF1         |          | 0 / 0     |
| ABUS<13>                           | IOB              | OUTPUT    | LVCMOS25    | 12       | SLOW | OFF1         |          | 0 / 0     |
| ABUS<14>                           | IOB              | OUTPUT    | LVCMOS25    | 12       | SLOW | OFF1         |          | 0 / 0     |
| ABUS<15>                           | IOB              | OUTPUT    | LVCMOS25    | 12       | SLOW | OFF1         |          | 0 / 0     |
| AD_O<0>                            | IBUF             | INPUT     | LVCMOS25    |          |      |              |          | 0 / 0     |
| AD_O<1>                            | IBUF             | INPUT     | LVCMOS25    |          |      |              |          | 0 / 0     |
| AD_O<2>                            | IBUF             | INPUT     | LVCMOS25    |          |      |              |          | 0 / 0     |
| AD_O<3>                            | IBUF             | INPUT     | LVCMOS25    |          |      |              |          | 0 / 0     |
| AD_O<4>                            | IBUF             | INPUT     | LVCMOS25    |          |      |              |          | 0 / 0     |
| AD_O<5>                            | IBUF             | INPUT     | LVCMOS25    |          |      |              |          | 0 / 0     |
| AD_O<6>                            | IBUF             | INPUT     | LVCMOS25    |          |      |              |          | 0 / 0     |
| AD_O<7>                            | IBUF             | INPUT     | LVCMOS25    |          |      |              |          | 0 / 0     |
| AD_O<8>                            | IBUF             | INPUT     | LVCMOS25    |          |      |              |          | 0 / 0     |
| AD_O<9>                            | IBUF             | INPUT     | LVCMOS25    |          |      |              |          | 0 / 0     |
| AD_O<10>                           | IBUF             | INPUT     | LVCMOS25    |          |      |              |          | 0 / 0     |
| AD_O<11>                           | IBUF             | INPUT     | LVCMOS25    |          |      |              |          | 0 / 0     |
| AD_O<12>                           | IBUF             | INPUT     | LVCMOS25    |          |      |              |          | 0 / 0     |
| AD_O<13>                           | IBUF             | INPUT     | LVCMOS25    |          |      |              |          | 0 / 0     |
| AD_O<14>                           | IBUF             | INPUT     | LVCMOS25    |          |      |              |          | 0 / 0     |
| AD_O<15>                           | IBUF             | INPUT     | LVCMOS25    |          |      |              |          | 0 / 0     |
| DBUS<0>                            | IOB              | BIDIR     | LVCMOS25    | 12       | SLOW |              |          | 0 / 0     |
| DBUS<1>                            | IOB              | BIDIR     | LVCMOS25    | 12       | SLOW | IFF1         |          | 0 / 2     |
| DBUS<2>                            | IOB              | BIDIR     | LVCMOS25    | 12       | SLOW | IFF1         |          | 0 / 2     |
| DBUS<3>                            | IOB              | BIDIR     | LVCMOS25    | 12       | SLOW | IFF1         |          | 0 / 2     |
| DBUS<4>                            | IOB              | BIDIR     | LVCMOS25    | 12       | SLOW | IFF1         |          | 0 / 2     |
| DBUS<5>                            | IOB              | BIDIR     | LVCMOS25    | 12       | SLOW | IFF1         |          | 0 / 2     |
| DBUS<6>                            | IOB              | BIDIR     | LVCMOS25    | 12       | SLOW | IFF1         |          | 0 / 2     |
| DBUS<7>                            | IOB              | BIDIR     | LVCMOS25    | 12       | SLOW | IFF1         |          | 0 / 2     |
| DBUS<8>                            | IOB              | BIDIR     | LVCMOS25    | 12       | SLOW | IFF1         |          | 0 / 2     |
| DBUS<9>                            | IOB              | BIDIR     | LVCMOS25    | 12       | SLOW | IFF1         |          | 0 / 2     |
| DBUS<10>                           | IOB              | BIDIR     | LVCMOS25    | 12       | SLOW | IFF1         |          | 0 / 2     |
| DBUS<11>                           | IOB              | BIDIR     | LVCMOS25    | 12       | SLOW | IFF1         |          | 0 / 2     |
| DBUS<12>                           | IOB              | BIDIR     | LVCMOS25    | 12       | SLOW | IFF1         |          | 0 / 2     |
| DBUS<13>                           | IOB              | BIDIR     | LVCMOS25    | 12       | SLOW | IFF1         |          | 0 / 2     |
| DBUS<14>                           | IOB              | BIDIR     | LVCMOS25    | 12       | SLOW | IFF1         |          | 0 / 2     |
| DBUS<15>                           | IOB              | BIDIR     | LVCMOS25    | 12       | SLOW | IFF1         |          | 0 / 2     |
| DT_I<0>                            | IOB              | OUTPUT    | LVCMOS25    | 12       | SLOW | OFF1         |          | 0 / 0     |
| DT_I<1>                            | IOB              | OUTPUT    | LVCMOS25    | 12       | SLOW |              |          | 0 / 0     |
| DT_I<2>                            | IOB              | OUTPUT    | LVCMOS25    | 12       | SLOW |              |          | 0 / 0     |
| DT_I<3>                            | IOB              | OUTPUT    | LVCMOS25    | 12       | SLOW |              |          | 0 / 0     |
| DT_I<4>                            | IOB              | OUTPUT    | LVCMOS25    | 12       | SLOW |              |          | 0 / 0     |
| DT_I<5>                            | IOB              | OUTPUT    | LVCMOS25    | 12       | SLOW |              |          | 0 / 0     |
| DT_I<6>                            | IOB              | OUTPUT    | LVCMOS25    | 12       | SLOW |              |          | 0 / 0     |
| DT_I<7>                            | IOB              | OUTPUT    | LVCMOS25    | 12       | SLOW |              |          | 0 / 0     |
| DT_O<0>                            | IBUF             | INPUT     | LVCMOS25    |          |      |              |          | 0 / 0     |
| DT_O<1>                            | IBUF             | INPUT     | LVCMOS25    |          |      |              |          | 0 / 0     |
| DT_O<2>                            | IBUF             | INPUT     | LVCMOS25    |          |      |              |          | 0 / 0     |
| DT_O<3>                            | IBUF             | INPUT     | LVCMOS25    |          |      |              |          | 0 / 0     |
| DT_O<4>                            | IBUF             | INPUT     | LVCMOS25    |          |      |              |          | 0 / 0     |
| DT_O<5>                            | IBUF             | INPUT     | LVCMOS25    |          |      |              |          | 0 / 0     |
| DT_O<6>                            | IBUF             | INPUT     | LVCMOS25    |          |      |              |          | 0 / 0     |
| DT_O<7>                            | IBUF             | INPUT     | LVCMOS25    |          |      |              |          | 0 / 0     |
| IR_I<0>                            | IOB              | OUTPUT    | LVCMOS25    | 12       | SLOW | OFF1         |          | 0 / 0     |
| IR_I<1>                            | IOB              | OUTPUT    | LVCMOS25    | 12       | SLOW | OFF1         |          | 0 / 0     |
| IR_I<2>                            | IOB              | OUTPUT    | LVCMOS25    | 12       | SLOW | OFF1         |          | 0 / 0     |
| IR_I<3>                            | IOB              | OUTPUT    | LVCMOS25    | 12       | SLOW | OFF1         |          | 0 / 0     |
| IR_I<4>                            | IOB              | OUTPUT    | LVCMOS25    | 12       | SLOW | OFF1         |          | 0 / 0     |
| IR_I<5>                            | IOB              | OUTPUT    | LVCMOS25    | 12       | SLOW | OFF1         |          | 0 / 0     |
| IR_I<6>                            | IOB              | OUTPUT    | LVCMOS25    | 12       | SLOW | OFF1         |          | 0 / 0     |
| IR_I<7>                            | IOB              | OUTPUT    | LVCMOS25    | 12       | SLOW | OFF1         |          | 0 / 0     |
| IR_I<8>                            | IOB              | OUTPUT    | LVCMOS25    | 12       | SLOW |              |          | 0 / 0     |
| IR_I<9>                            | IOB              | OUTPUT    | LVCMOS25    | 12       | SLOW |              |          | 0 / 0     |
| IR_I<10>                           | IOB              | OUTPUT    | LVCMOS25    | 12       | SLOW |              |          | 0 / 0     |
| IR_I<11>                           | IOB              | OUTPUT    | LVCMOS25    | 12       | SLOW |              |          | 0 / 0     |
| IR_I<12>                           | IOB              | OUTPUT    | LVCMOS25    | 12       | SLOW |              |          | 0 / 0     |
| IR_I<13>                           | IOB              | OUTPUT    | LVCMOS25    | 12       | SLOW |              |          | 0 / 0     |
| IR_I<14>                           | IOB              | OUTPUT    | LVCMOS25    | 12       | SLOW |              |          | 0 / 0     |
| IR_I<15>                           | IOB              | OUTPUT    | LVCMOS25    | 12       | SLOW |              |          | 0 / 0     |
| IR_R                               | IBUF             | INPUT     | LVCMOS25    |          |      |              |          | 0 / 0     |
| PC_O<0>                            | IBUF             | INPUT     | LVCMOS25    |          |      |              |          | 0 / 0     |
| PC_O<1>                            | IBUF             | INPUT     | LVCMOS25    |          |      |              |          | 0 / 0     |
| PC_O<2>                            | IBUF             | INPUT     | LVCMOS25    |          |      |              |          | 0 / 0     |
| PC_O<3>                            | IBUF             | INPUT     | LVCMOS25    |          |      |              |          | 0 / 0     |
| PC_O<4>                            | IBUF             | INPUT     | LVCMOS25    |          |      |              |          | 0 / 0     |
| PC_O<5>                            | IBUF             | INPUT     | LVCMOS25    |          |      |              |          | 0 / 0     |
| PC_O<6>                            | IBUF             | INPUT     | LVCMOS25    |          |      |              |          | 0 / 0     |
| PC_O<7>                            | IBUF             | INPUT     | LVCMOS25    |          |      |              |          | 0 / 0     |
| PC_O<8>                            | IBUF             | INPUT     | LVCMOS25    |          |      |              |          | 0 / 0     |
| PC_O<9>                            | IBUF             | INPUT     | LVCMOS25    |          |      |              |          | 0 / 0     |
| PC_O<10>                           | IBUF             | INPUT     | LVCMOS25    |          |      |              |          | 0 / 0     |
| PC_O<11>                           | IBUF             | INPUT     | LVCMOS25    |          |      |              |          | 0 / 0     |
| PC_O<12>                           | IBUF             | INPUT     | LVCMOS25    |          |      |              |          | 0 / 0     |
| PC_O<13>                           | IBUF             | INPUT     | LVCMOS25    |          |      |              |          | 0 / 0     |
| PC_O<14>                           | IBUF             | INPUT     | LVCMOS25    |          |      |              |          | 0 / 0     |
| PC_O<15>                           | IBUF             | INPUT     | LVCMOS25    |          |      |              |          | 0 / 0     |
| RD_O                               | IBUF             | INPUT     | LVCMOS25    |          |      |              |          | 0 / 0     |
| WR_O                               | IBUF             | INPUT     | LVCMOS25    |          |      |              |          | 0 / 0     |
| nBHE                               | IOB              | OUTPUT    | LVCMOS25    | 12       | SLOW |              |          | 0 / 0     |
| nBLE                               | IOB              | OUTPUT    | LVCMOS25    | 12       | SLOW |              |          | 0 / 0     |
| nMERQ                              | IOB              | OUTPUT    | LVCMOS25    | 12       | SLOW |              |          | 0 / 0     |
| nRD                                | IOB              | OUTPUT    | LVCMOS25    | 12       | SLOW |              |          | 0 / 0     |
| nWR                                | IOB              | OUTPUT    | LVCMOS25    | 12       | SLOW |              |          | 0 / 0     |
+-----------------------------------------------------------------------------------------------------------------------------------------+

Section 7 - RPMs
----------------

Section 8 - Guide Report
------------------------
Guide not run on this design.

Section 9 - Area Group and Partition Summary
--------------------------------------------

Partition Implementation Status
-------------------------------

  No Partitions were found in this design.

-------------------------------

Area Group Information
----------------------

  No area groups were found in this design.


----------------------

Section 10 - Modular Design Summary
-----------------------------------
Modular Design not used for this design.

Section 11 - Timing Report
--------------------------
This design was not run using timing mode.

Section 12 - Configuration String Details
-----------------------------------------
Use the "-detail" map option to print out Configuration Strings
